0 info it worked if it ends with ok
1 verbose cli [ '/usr/local/bin/node', '/usr/local/bin/npm', 'run', 'serve' ]
2 info using npm@3.9.5
3 info using node@v4.4.5
4 verbose run-script [ 'preserve', 'serve', 'postserve' ]
5 info lifecycle random-quote@1.0.3~preserve: random-quote@1.0.3
6 silly lifecycle random-quote@1.0.3~preserve: no script for preserve, continuing
7 info lifecycle random-quote@1.0.3~serve: random-quote@1.0.3
8 verbose lifecycle random-quote@1.0.3~serve: unsafe-perm in lifecycle true
9 verbose lifecycle random-quote@1.0.3~serve: PATH: /usr/local/lib/node_modules/npm/bin/node-gyp-bin:/Users/mmenard/programming/angular2/section3/node_modules/.bin:/usr/local/bin:/Users/mmenard/anaconda/bin:/usr/local/bin:/usr/bin:/bin:/usr/sbin:/sbin
10 verbose lifecycle random-quote@1.0.3~serve: CWD: /Users/mmenard/programming/angular2/section3
11 silly lifecycle random-quote@1.0.3~serve: Args: [ '-c', 'tsc && concurrently "tsc -w" lite-server' ]
12 silly lifecycle random-quote@1.0.3~serve: Returned: code: 2  signal: null
13 info lifecycle random-quote@1.0.3~serve: Failed to exec serve script
14 verbose stack Error: random-quote@1.0.3 serve: `tsc && concurrently "tsc -w" lite-server`
14 verbose stack Exit status 2
14 verbose stack     at EventEmitter.<anonymous> (/usr/local/lib/node_modules/npm/lib/utils/lifecycle.js:245:16)
14 verbose stack     at emitTwo (events.js:87:13)
14 verbose stack     at EventEmitter.emit (events.js:172:7)
14 verbose stack     at ChildProcess.<anonymous> (/usr/local/lib/node_modules/npm/lib/utils/spawn.js:24:14)
14 verbose stack     at emitTwo (events.js:87:13)
14 verbose stack     at ChildProcess.emit (events.js:172:7)
14 verbose stack     at maybeClose (internal/child_process.js:827:16)
14 verbose stack     at Process.ChildProcess._handle.onexit (internal/child_process.js:211:5)
15 verbose pkgid random-quote@1.0.3
16 verbose cwd /Users/mmenard/programming/angular2/section3
17 error Darwin 15.5.0
18 error argv "/usr/local/bin/node" "/usr/local/bin/npm" "run" "serve"
19 error node v4.4.5
20 error npm  v3.9.5
21 error code ELIFECYCLE
22 error random-quote@1.0.3 serve: `tsc && concurrently "tsc -w" lite-server`
22 error Exit status 2
23 error Failed at the random-quote@1.0.3 serve script 'tsc && concurrently "tsc -w" lite-server'.
23 error Make sure you have the latest version of node.js and npm installed.
23 error If you do, this is most likely a problem with the random-quote package,
23 error not with npm itself.
23 error Tell the author that this fails on your system:
23 error     tsc && concurrently "tsc -w" lite-server
23 error You can get information on how to open an issue for this project with:
23 error     npm bugs random-quote
23 error Or if that isn't available, you can get their info via:
23 error     npm owner ls random-quote
23 error There is likely additional logging output above.
24 verbose exit [ 1, true ]
